<?xml version="1.0" encoding="UTF-8"?>
<!-- Generated by org.testng.reporters.JUnitReportReporter -->
<testsuite hostname="DESKTOP-GQJSBRL" failures="0" tests="1" name="com.ohrm.testcases.TestCase01" time="17.919" errors="0" timestamp="2022-01-22T13:38:27 IST" skipped="0">
  <testcase classname="com.ohrm.testcases.TestCase01" name="testcase01" time="17.919"/>
  <system-out/>
</testsuite> <!-- com.ohrm.testcases.TestCase01 -->
